# JRE version: OpenJDK Runtime Environment Temurin-17.0.12+7 (17.0.12+7) (build 17.0.12+7)
# Java VM: OpenJDK 64-Bit Server VM Temurin-17.0.12+7 (17.0.12+7, mixed mode, emulated-client, tiered, compressed oops, compressed class ptrs, g1 gc, windows-amd64)
GC Precious Log:
 CPUs: 4 total, 4 available
 Memory: 8067M
 Large Page Support: Disabled
 NUMA Support: Disabled
 Compressed Oops: Enabled (32-bit)
 Heap Region Size: 1M
 Heap Min Capacity: 8M
 Heap Initial Capacity: 128M
 Heap Max Capacity: 1G
 Pre-touch: Disabled
 Parallel Workers: 4
 Concurrent Workers: 1
 Concurrent Refinement Workers: 4
 Periodic GC: Disabled
Heap:
 garbage-first heap   total 78848K, used 25298K [0x00000000c0000000, 0x0000000100000000)
  region size 1024K, 1 young (1024K), 0 survivors (0K)
 Metaspace       used 41101K, committed 41664K, reserved 1114112K
  class space    used 5254K, committed 5504K, reserved 1048576K
GC Heap History (20 events):
Event: 345.011 GC heap after
{Heap after GC invocations=34 (full 25):
 garbage-first heap   total 78848K, used 25297K [0x00000000c0000000, 0x0000000100000000)
  region size 1024K, 0 young (0K), 0 survivors (0K)
 Metaspace       used 41101K, committed 41664K, reserved 1114112K
  class space    used 5254K, committed 5504K, reserved 1048576K
}
Event: 355.713 GC heap before
{Heap before GC invocations=34 (full 25):
 garbage-first heap   total 78848K, used 25297K [0x00000000c0000000, 0x0000000100000000)
  region size 1024K, 1 young (1024K), 0 survivors (0K)
 Metaspace       used 41101K, committed 41664K, reserved 1114112K
  class space    used 5254K, committed 5504K, reserved 1048576K
}
Event: 355.747 GC heap after
{Heap after GC invocations=35 (full 26):
 garbage-first heap   total 78848K, used 25298K [0x00000000c0000000, 0x0000000100000000)
  region size 1024K, 0 young (0K), 0 survivors (0K)
 Metaspace       used 41101K, committed 41664K, reserved 1114112K
  class space    used 5254K, committed 5504K, reserved 1048576K
}
Event: 366.454 GC heap before
{Heap before GC invocations=35 (full 26):
 garbage-first heap   total 78848K, used 25298K [0x00000000c0000000, 0x0000000100000000)
  region size 1024K, 1 young (1024K), 0 survivors (0K)
 Metaspace       used 41101K, committed 41664K, reserved 1114112K
  class space    used 5254K, committed 5504K, reserved 1048576K
}
Event: 366.488 GC heap after
{Heap after GC invocations=36 (full 27):
 garbage-first heap   total 78848K, used 25298K [0x00000000c0000000, 0x0000000100000000)
  region size 1024K, 0 young (0K), 0 survivors (0K)
 Metaspace       used 41101K, committed 41664K, reserved 1114112K
  class space    used 5254K, committed 5504K, reserved 1048576K
}
Event: 376.865 GC heap before
{Heap before GC invocations=36 (full 27):
 garbage-first heap   total 78848K, used 25298K [0x00000000c0000000, 0x0000000100000000)
  region size 1024K, 1 young (1024K), 0 survivors (0K)
 Metaspace       used 41101K, committed 41664K, reserved 1114112K
  class space    used 5254K, committed 5504K, reserved 1048576K
}
Event: 376.897 GC heap after
{Heap after GC invocations=37 (full 28):
 garbage-first heap   total 78848K, used 25298K [0x00000000c0000000, 0x0000000100000000)
  region size 1024K, 0 young (0K), 0 survivors (0K)
 Metaspace       used 41101K, committed 41664K, reserved 1114112K
  class space    used 5254K, committed 5504K, reserved 1048576K
}
Event: 387.245 GC heap before
{Heap before GC invocations=37 (full 28):
 garbage-first heap   total 78848K, used 25298K [0x00000000c0000000, 0x0000000100000000)
  region size 1024K, 1 young (1024K), 0 survivors (0K)
 Metaspace       used 41101K, committed 41664K, reserved 1114112K
  class space    used 5254K, committed 5504K, reserved 1048576K
}
Event: 387.277 GC heap after
{Heap after GC invocations=38 (full 29):
 garbage-first heap   total 78848K, used 25298K [0x00000000c0000000, 0x0000000100000000)
  region size 1024K, 0 young (0K), 0 survivors (0K)
 Metaspace       used 41101K, committed 41664K, reserved 1114112K
  class space    used 5254K, committed 5504K, reserved 1048576K
}
Event: 397.711 GC heap before
{Heap before GC invocations=38 (full 29):
 garbage-first heap   total 78848K, used 25298K [0x00000000c0000000, 0x0000000100000000)
  region size 1024K, 1 young (1024K), 0 survivors (0K)
 Metaspace       used 41101K, committed 41664K, reserved 1114112K
  class space    used 5254K, committed 5504K, reserved 1048576K
}
Event: 397.743 GC heap after
{Heap after GC invocations=39 (full 30):
 garbage-first heap   total 78848K, used 25298K [0x00000000c0000000, 0x0000000100000000)
  region size 1024K, 0 young (0K), 0 survivors (0K)
 Metaspace       used 41101K, committed 41664K, reserved 1114112K
  class space    used 5254K, committed 5504K, reserved 1048576K
}
Event: 410.695 GC heap before
{Heap before GC invocations=39 (full 30):
 garbage-first heap   total 78848K, used 25298K [0x00000000c0000000, 0x0000000100000000)
  region size 1024K, 1 young (1024K), 0 survivors (0K)
 Metaspace       used 41101K, committed 41664K, reserved 1114112K
  class space    used 5254K, committed 5504K, reserved 1048576K
}
Event: 410.735 GC heap after
{Heap after GC invocations=40 (full 31):
 garbage-first heap   total 78848K, used 25298K [0x00000000c0000000, 0x0000000100000000)
  region size 1024K, 0 young (0K), 0 survivors (0K)
 Metaspace       used 41101K, committed 41664K, reserved 1114112K
  class space    used 5254K, committed 5504K, reserved 1048576K
}
Event: 422.710 GC heap before
{Heap before GC invocations=40 (full 31):
 garbage-first heap   total 78848K, used 25298K [0x00000000c0000000, 0x0000000100000000)
  region size 1024K, 1 young (1024K), 0 survivors (0K)
 Metaspace       used 41101K, committed 41664K, reserved 1114112K
  class space    used 5254K, committed 5504K, reserved 1048576K
}
Event: 422.744 GC heap after
{Heap after GC invocations=41 (full 32):
 garbage-first heap   total 78848K, used 25298K [0x00000000c0000000, 0x0000000100000000)
  region size 1024K, 0 young (0K), 0 survivors (0K)
 Metaspace       used 41101K, committed 41664K, reserved 1114112K
  class space    used 5254K, committed 5504K, reserved 1048576K
}
Event: 436.423 GC heap before
{Heap before GC invocations=41 (full 32):
 garbage-first heap   total 78848K, used 25298K [0x00000000c0000000, 0x0000000100000000)
  region size 1024K, 1 young (1024K), 0 survivors (0K)
 Metaspace       used 41101K, committed 41664K, reserved 1114112K
  class space    used 5254K, committed 5504K, reserved 1048576K
}
Event: 436.456 GC heap after
{Heap after GC invocations=42 (full 33):
 garbage-first heap   total 78848K, used 25298K [0x00000000c0000000, 0x0000000100000000)
  region size 1024K, 0 young (0K), 0 survivors (0K)
 Metaspace       used 41101K, committed 41664K, reserved 1114112K
  class space    used 5254K, committed 5504K, reserved 1048576K
}
Event: 447.564 GC heap before
{Heap before GC invocations=42 (full 33):
 garbage-first heap   total 78848K, used 25298K [0x00000000c0000000, 0x0000000100000000)
  region size 1024K, 1 young (1024K), 0 survivors (0K)
 Metaspace       used 41101K, committed 41664K, reserved 1114112K
  class space    used 5254K, committed 5504K, reserved 1048576K
}
Event: 447.597 GC heap after
{Heap after GC invocations=43 (full 34):
 garbage-first heap   total 78848K, used 25298K [0x00000000c0000000, 0x0000000100000000)
  region size 1024K, 0 young (0K), 0 survivors (0K)
 Metaspace       used 41101K, committed 41664K, reserved 1114112K
  class space    used 5254K, committed 5504K, reserved 1048576K
}
Event: 458.566 GC heap before
{Heap before GC invocations=43 (full 34):
 garbage-first heap   total 78848K, used 25298K [0x00000000c0000000, 0x0000000100000000)
  region size 1024K, 1 young (1024K), 0 survivors (0K)
 Metaspace       used 41101K, committed 41664K, reserved 1114112K
  class space    used 5254K, committed 5504K, reserved 1048576K
}

